<?xml version="1.0" encoding="UTF-8"?>
<!-- Generated by org.testng.reporters.JUnitReportReporter -->
<testsuite skipped="0" hostname="LAPTOP-7Q9SCHV8" name="com.vwcrm.qa.testcases.TopPartsAllProdGrpTest" tests="4" failures="0" timestamp="17 Aug 2018 11:46:23 GMT" time="178.589" errors="0">
  <testcase name="prodGrpAllTest" time="57.575" classname="com.vwcrm.qa.testcases.TopPartsAllProdGrpTest"/>
  <testcase name="prodGrpAccessoriesTest" time="37.369" classname="com.vwcrm.qa.testcases.TopPartsAllProdGrpTest"/>
  <testcase name="prodGrpChemicalsTest" time="39.521" classname="com.vwcrm.qa.testcases.TopPartsAllProdGrpTest"/>
  <testcase name="prodGrpCollisionTest" time="44.124" classname="com.vwcrm.qa.testcases.TopPartsAllProdGrpTest"/>
</testsuite> <!-- com.vwcrm.qa.testcases.TopPartsAllProdGrpTest -->
