<?xml version="1.0" encoding="UTF-8"?>
<!-- Generated by org.testng.reporters.JUnitReportReporter -->
<testsuite skipped="4" hostname="LAPTOP-7Q9SCHV8" name="com.vwcrm.qa.testcases.TopPartsProdGrpTest" tests="5" failures="0" timestamp="13 Sep 2018 07:17:44 GMT" time="81.881" errors="0">
  <testcase name="prodGrpMechanicalTest" time="81.881" classname="com.vwcrm.qa.testcases.TopPartsProdGrpTest"/>
  <testcase name="prodGrpChemicalsTest" classname="com.vwcrm.qa.testcases.TopPartsProdGrpTest">
    <skipped/>
  </testcase> <!-- prodGrpChemicalsTest -->
  <testcase name="prodGrpCollisionTest" classname="com.vwcrm.qa.testcases.TopPartsProdGrpTest">
    <skipped/>
  </testcase> <!-- prodGrpCollisionTest -->
  <testcase name="prodGrpAccessoriesTest" classname="com.vwcrm.qa.testcases.TopPartsProdGrpTest">
    <skipped/>
  </testcase> <!-- prodGrpAccessoriesTest -->
  <testcase name="prodGrpAllTest" classname="com.vwcrm.qa.testcases.TopPartsProdGrpTest">
    <skipped/>
  </testcase> <!-- prodGrpAllTest -->
</testsuite> <!-- com.vwcrm.qa.testcases.TopPartsProdGrpTest -->
