<?xml version="1.0" encoding="UTF-8"?>
<!-- Generated by org.testng.reporters.JUnitReportReporter -->
<testsuite skipped="0" hostname="LAPTOP-7Q9SCHV8" name="com.vwcrm.qa.testcases.WordPressLogin" tests="3" failures="0" timestamp="05 Jul 2018 08:06:12 GMT" time="67.028" errors="0">
  <testcase name="loginToWordPress" time="25.681" classname="com.vwcrm.qa.testcases.WordPressLogin"/>
  <testcase name="loginToWordPress" time="14.442" classname="com.vwcrm.qa.testcases.WordPressLogin"/>
  <testcase name="loginToWordPress" time="26.905" classname="com.vwcrm.qa.testcases.WordPressLogin"/>
</testsuite> <!-- com.vwcrm.qa.testcases.WordPressLogin -->
